<?xml version="1.0" encoding="UTF-8"?>
<testsuite name="SquareEquationTest" tests="3" skipped="0" failures="0" errors="0" timestamp="2022-04-13T21:19:45" hostname="DESKTOP-22FT14Q" time="0.014">
  <properties/>
  <testcase name="testSquareEquationSolveWhenNoSolution" classname="SquareEquationTest" time="0.009"/>
  <testcase name="testSquareEquationSolveWhenOneSolution" classname="SquareEquationTest" time="0.002"/>
  <testcase name="testSquareEquationSolveWhenTwoSolutions" classname="SquareEquationTest" time="0.001"/>
  <system-out><![CDATA[]]></system-out>
  <system-err><![CDATA[]]></system-err>
</testsuite>
